1611167348782	geckodriver	INFO	Listening on 127.0.0.1:59113
1611167351840	mozrunner::runner	INFO	Running command: "C:\\Program Files\\Mozilla Firefox\\firefox.exe" "--marionette" "-foreground" "-no-remote" "-profile" "C:\\Users\\BOGDAN~1.SIL\\AppData\\Local\\Temp\\rust_mozprofileWXp9LU"
Can't find symbol 'eglSwapBuffersWithDamageEXT'.
Can't find symbol 'eglSetDamageRegionKHR'.
console.warn: SearchSettings: "get: No settings file exists, new profile?" (new Error("", "(unknown module)"))
1611167354798	Marionette	INFO	Listening on port 59122
1611167355013	Marionette	WARN	TLS certificate errors will be ignored for this session
JavaScript error: resource://gre/actors/AutoCompleteChild.jsm, line 125: Error: Invalid autocomplete selectedIndex
1611167356196	Marionette	INFO	Stopped listening on port 59122

###!!! [Child][RunMessage] Error: Channel closing: too late to send/recv, messages will be lost

1611167357186	geckodriver	INFO	Listening on 127.0.0.1:59185
1611167360259	mozrunner::runner	INFO	Running command: "C:\\Program Files\\Mozilla Firefox\\firefox.exe" "--marionette" "-foreground" "-no-remote" "-profile" "C:\\Users\\BOGDAN~1.SIL\\AppData\\Local\\Temp\\rust_mozprofilemv5epM"
Can't find symbol 'eglSwapBuffersWithDamageEXT'.
Can't find symbol 'eglSetDamageRegionKHR'.
console.warn: SearchSettings: "get: No settings file exists, new profile?" (new Error("", "(unknown module)"))
1611167362581	Marionette	INFO	Listening on port 59198
1611167362955	Marionette	WARN	TLS certificate errors will be ignored for this session
JavaScript error: resource://gre/actors/AutoCompleteChild.jsm, line 125: Error: Invalid autocomplete selectedIndex
1611167364148	Marionette	INFO	Stopped listening on port 59198
JavaScript error: resource://gre/modules/UrlClassifierListManager.jsm, line 691: TypeError: this.tablesData[table] is undefined

###!!! [Child][RunMessage] Error: Channel closing: too late to send/recv, messages will be lost

1611167545631	geckodriver	INFO	Listening on 127.0.0.1:59473
1611167548728	mozrunner::runner	INFO	Running command: "C:\\Program Files\\Mozilla Firefox\\firefox.exe" "--marionette" "-foreground" "-no-remote" "-profile" "C:\\Users\\BOGDAN~1.SIL\\AppData\\Local\\Temp\\rust_mozprofilehUf7PZ"
Can't find symbol 'eglSwapBuffersWithDamageEXT'.
Can't find symbol 'eglSetDamageRegionKHR'.
console.warn: SearchSettings: "get: No settings file exists, new profile?" (new Error("", "(unknown module)"))
1611167551004	Marionette	INFO	Listening on port 59481
1611167551444	Marionette	WARN	TLS certificate errors will be ignored for this session
JavaScript error: resource://gre/actors/AutoCompleteChild.jsm, line 125: Error: Invalid autocomplete selectedIndex
1611167552600	Marionette	INFO	Stopped listening on port 59481

###!!! [Child][RunMessage] Error: Channel closing: too late to send/recv, messages will be lost

1611167795457	geckodriver	INFO	Listening on 127.0.0.1:59606
1611167798541	mozrunner::runner	INFO	Running command: "C:\\Program Files\\Mozilla Firefox\\firefox.exe" "--marionette" "-foreground" "-no-remote" "-profile" "C:\\Users\\BOGDAN~1.SIL\\AppData\\Local\\Temp\\rust_mozprofileAX12Jw"
Can't find symbol 'eglSwapBuffersWithDamageEXT'.
Can't find symbol 'eglSetDamageRegionKHR'.
console.warn: SearchSettings: "get: No settings file exists, new profile?" (new Error("", "(unknown module)"))
1611167800917	Marionette	INFO	Listening on port 59614
1611167801184	Marionette	WARN	TLS certificate errors will be ignored for this session
1611167827197	Marionette	INFO	Stopped listening on port 59614

###!!! [Child][RunMessage] Error: Channel closing: too late to send/recv, messages will be lost

1611167844383	geckodriver	INFO	Listening on 127.0.0.1:59669
1611167847476	mozrunner::runner	INFO	Running command: "C:\\Program Files\\Mozilla Firefox\\firefox.exe" "--marionette" "-foreground" "-no-remote" "-profile" "C:\\Users\\BOGDAN~1.SIL\\AppData\\Local\\Temp\\rust_mozprofilefIFkOS"
Can't find symbol 'eglSwapBuffersWithDamageEXT'.
Can't find symbol 'eglSetDamageRegionKHR'.
console.warn: SearchSettings: "get: No settings file exists, new profile?" (new Error("", "(unknown module)"))
1611167849965	Marionette	INFO	Listening on port 59677
1611167850161	Marionette	WARN	TLS certificate errors will be ignored for this session
1611167851590	Marionette	INFO	Stopped listening on port 59677

###!!! [Child][RunMessage] Error: Channel closing: too late to send/recv, messages will be lost

1611167921828	geckodriver	INFO	Listening on 127.0.0.1:59800
1611167924907	mozrunner::runner	INFO	Running command: "C:\\Program Files\\Mozilla Firefox\\firefox.exe" "--marionette" "-foreground" "-no-remote" "-profile" "C:\\Users\\BOGDAN~1.SIL\\AppData\\Local\\Temp\\rust_mozprofileYS4tdz"
Can't find symbol 'eglSwapBuffersWithDamageEXT'.
Can't find symbol 'eglSetDamageRegionKHR'.
console.warn: SearchSettings: "get: No settings file exists, new profile?" (new Error("", "(unknown module)"))
1611167927068	Marionette	INFO	Listening on port 59808
1611167927118	Marionette	WARN	TLS certificate errors will be ignored for this session
1611167928759	Marionette	INFO	Stopped listening on port 59808
JavaScript error: resource://gre/modules/UrlClassifierListManager.jsm, line 691: TypeError: this.tablesData[table] is undefined
JavaScript error: resource://gre/modules/Sqlite.jsm, line 1031: Error: Sqlite.jsm has been shutdown. Cannot open connection to: C:\Users\bogdan.silvasan\AppData\Local\Temp\rust_mozprofileYS4tdz\protections.sqlite

###!!! [Child][RunMessage] Error: Channel closing: too late to send/recv, messages will be lost

1611168433843	geckodriver	INFO	Listening on 127.0.0.1:59940
1611168436942	mozrunner::runner	INFO	Running command: "C:\\Program Files\\Mozilla Firefox\\firefox.exe" "--marionette" "-foreground" "-no-remote" "-profile" "C:\\Users\\BOGDAN~1.SIL\\AppData\\Local\\Temp\\rust_mozprofile7GYY4z"
Can't find symbol 'eglSwapBuffersWithDamageEXT'.
Can't find symbol 'eglSetDamageRegionKHR'.
console.warn: SearchSettings: "get: No settings file exists, new profile?" (new Error("", "(unknown module)"))
1611168439246	Marionette	INFO	Listening on port 59948
1611168439612	Marionette	WARN	TLS certificate errors will be ignored for this session
1611168452179	Marionette	INFO	Stopped listening on port 59948

###!!! [Child][RunMessage] Error: Channel closing: too late to send/recv, messages will be lost

1611168479390	geckodriver	INFO	Listening on 127.0.0.1:60011
1611168482474	mozrunner::runner	INFO	Running command: "C:\\Program Files\\Mozilla Firefox\\firefox.exe" "--marionette" "-foreground" "-no-remote" "-profile" "C:\\Users\\BOGDAN~1.SIL\\AppData\\Local\\Temp\\rust_mozprofilebzjDZW"
Can't find symbol 'eglSwapBuffersWithDamageEXT'.
Can't find symbol 'eglSetDamageRegionKHR'.
console.warn: SearchSettings: "get: No settings file exists, new profile?" (new Error("", "(unknown module)"))
1611168484716	Marionette	INFO	Listening on port 60019
1611168485164	Marionette	WARN	TLS certificate errors will be ignored for this session
1611168486641	Marionette	INFO	Stopped listening on port 60019

###!!! [Child][RunMessage] Error: Channel closing: too late to send/recv, messages will be lost

1611168533000	geckodriver	INFO	Listening on 127.0.0.1:60074
1611168536071	mozrunner::runner	INFO	Running command: "C:\\Program Files\\Mozilla Firefox\\firefox.exe" "--marionette" "-foreground" "-no-remote" "-profile" "C:\\Users\\BOGDAN~1.SIL\\AppData\\Local\\Temp\\rust_mozprofiletiG1Y6"
Can't find symbol 'eglSwapBuffersWithDamageEXT'.
Can't find symbol 'eglSetDamageRegionKHR'.
console.warn: SearchSettings: "get: No settings file exists, new profile?" (new Error("", "(unknown module)"))
1611168538364	Marionette	INFO	Listening on port 60082
1611168538748	Marionette	WARN	TLS certificate errors will be ignored for this session
1611168540181	Marionette	INFO	Stopped listening on port 60082

###!!! [Child][RunMessage] Error: Channel closing: too late to send/recv, messages will be lost

1611168602026	geckodriver	INFO	Listening on 127.0.0.1:60171
1611168605132	mozrunner::runner	INFO	Running command: "C:\\Program Files\\Mozilla Firefox\\firefox.exe" "--marionette" "-foreground" "-no-remote" "-profile" "C:\\Users\\BOGDAN~1.SIL\\AppData\\Local\\Temp\\rust_mozprofiledvZQhy"
Can't find symbol 'eglSwapBuffersWithDamageEXT'.
Can't find symbol 'eglSetDamageRegionKHR'.
console.warn: SearchSettings: "get: No settings file exists, new profile?" (new Error("", "(unknown module)"))
1611168607449	Marionette	INFO	Listening on port 60180
1611168607812	Marionette	WARN	TLS certificate errors will be ignored for this session
1611168609240	Marionette	INFO	Stopped listening on port 60180

###!!! [Child][RunMessage] Error: Channel closing: too late to send/recv, messages will be lost

1611168625742	geckodriver	INFO	Listening on 127.0.0.1:60235
1611168628823	mozrunner::runner	INFO	Running command: "C:\\Program Files\\Mozilla Firefox\\firefox.exe" "--marionette" "-foreground" "-no-remote" "-profile" "C:\\Users\\BOGDAN~1.SIL\\AppData\\Local\\Temp\\rust_mozprofileBFnh3U"
Can't find symbol 'eglSwapBuffersWithDamageEXT'.
Can't find symbol 'eglSetDamageRegionKHR'.
console.warn: SearchSettings: "get: No settings file exists, new profile?" (new Error("", "(unknown module)"))
1611168631042	Marionette	INFO	Listening on port 60243
1611168631503	Marionette	WARN	TLS certificate errors will be ignored for this session
1611168633130	Marionette	INFO	Stopped listening on port 60243
JavaScript error: resource://gre/modules/AsyncShutdown.jsm, line 716: Error: Phase "Sqlite.jsm: wait until all connections are closed" is finished, it is too late to register completion condition "protections.sqlite#0: waiting for shutdown"

###!!! [Child][RunMessage] Error: Channel closing: too late to send/recv, messages will be lost

1611168755974	geckodriver	INFO	Listening on 127.0.0.1:60296
1611168759002	mozrunner::runner	INFO	Running command: "C:\\Program Files\\Mozilla Firefox\\firefox.exe" "--marionette" "-foreground" "-no-remote" "-profile" "C:\\Users\\BOGDAN~1.SIL\\AppData\\Local\\Temp\\rust_mozprofileAIvaky"
Can't find symbol 'eglSwapBuffersWithDamageEXT'.
Can't find symbol 'eglSetDamageRegionKHR'.
console.warn: SearchSettings: "get: No settings file exists, new profile?" (new Error("", "(unknown module)"))
1611168761316	Marionette	INFO	Listening on port 60305
1611168761680	Marionette	WARN	TLS certificate errors will be ignored for this session
1611168763194	Marionette	INFO	Stopped listening on port 60305

###!!! [Child][RunMessage] Error: Channel closing: too late to send/recv, messages will be lost

1611178391647	geckodriver	INFO	Listening on 127.0.0.1:61874
1611178394736	mozrunner::runner	INFO	Running command: "C:\\Program Files\\Mozilla Firefox\\firefox.exe" "--marionette" "-foreground" "-no-remote" "-profile" "C:\\Users\\BOGDAN~1.SIL\\AppData\\Local\\Temp\\rust_mozprofileFoyvKD"
Can't find symbol 'eglSwapBuffersWithDamageEXT'.
Can't find symbol 'eglSetDamageRegionKHR'.
console.warn: SearchSettings: "get: No settings file exists, new profile?" (new Error("", "(unknown module)"))
1611178397911	Marionette	INFO	Listening on port 61882
1611178398404	Marionette	WARN	TLS certificate errors will be ignored for this session
1611178400466	Marionette	INFO	Stopped listening on port 61882
JavaScript error: resource://gre/modules/Sqlite.jsm, line 1031: Error: Sqlite.jsm has been shutdown. Cannot open connection to: C:\Users\bogdan.silvasan\AppData\Local\Temp\rust_mozprofileFoyvKD\protections.sqlite

###!!! [Child][RunMessage] Error: Channel closing: too late to send/recv, messages will be lost

1611228129658	geckodriver	INFO	Listening on 127.0.0.1:51422
1611228132768	mozrunner::runner	INFO	Running command: "C:\\Program Files\\Mozilla Firefox\\firefox.exe" "--marionette" "-foreground" "-no-remote" "-profile" "C:\\Users\\BOGDAN~1.SIL\\AppData\\Local\\Temp\\rust_mozprofileizl9BM"
Can't find symbol 'eglSwapBuffersWithDamageEXT'.
Can't find symbol 'eglSetDamageRegionKHR'.
console.warn: SearchSettings: "get: No settings file exists, new profile?" (new Error("", "(unknown module)"))
1611228135305	Marionette	INFO	Listening on port 51430
1611228135439	Marionette	WARN	TLS certificate errors will be ignored for this session
1611228142734	Marionette	INFO	Stopped listening on port 51430

###!!! [Child][RunMessage] Error: Channel closing: too late to send/recv, messages will be lost

1611228197398	geckodriver	INFO	Listening on 127.0.0.1:54710
1611228200471	mozrunner::runner	INFO	Running command: "C:\\Program Files\\Mozilla Firefox\\firefox.exe" "--marionette" "-foreground" "-no-remote" "-profile" "C:\\Users\\BOGDAN~1.SIL\\AppData\\Local\\Temp\\rust_mozprofileGppULF"
Can't find symbol 'eglSwapBuffersWithDamageEXT'.
Can't find symbol 'eglSetDamageRegionKHR'.
console.warn: SearchSettings: "get: No settings file exists, new profile?" (new Error("", "(unknown module)"))
1611228202794	Marionette	INFO	Listening on port 54718
1611228203141	Marionette	WARN	TLS certificate errors will be ignored for this session
1611228220828	Marionette	INFO	Stopped listening on port 54718

###!!! [Child][RunMessage] Error: Channel closing: too late to send/recv, messages will be lost

1611228228372	geckodriver	INFO	Listening on 127.0.0.1:54773
1611228231437	mozrunner::runner	INFO	Running command: "C:\\Program Files\\Mozilla Firefox\\firefox.exe" "--marionette" "-foreground" "-no-remote" "-profile" "C:\\Users\\BOGDAN~1.SIL\\AppData\\Local\\Temp\\rust_mozprofilejmfPXI"
Can't find symbol 'eglSwapBuffersWithDamageEXT'.
Can't find symbol 'eglSetDamageRegionKHR'.
console.warn: SearchSettings: "get: No settings file exists, new profile?" (new Error("", "(unknown module)"))
1611228234014	Marionette	INFO	Listening on port 54781
1611228234123	Marionette	WARN	TLS certificate errors will be ignored for this session
1611228249353	Marionette	INFO	Stopped listening on port 54781

###!!! [Child][RunMessage] Error: Channel closing: too late to send/recv, messages will be lost

1611228520681	geckodriver	INFO	Listening on 127.0.0.1:54983
1611228523771	mozrunner::runner	INFO	Running command: "C:\\Program Files\\Mozilla Firefox\\firefox.exe" "--marionette" "-foreground" "-no-remote" "-profile" "C:\\Users\\BOGDAN~1.SIL\\AppData\\Local\\Temp\\rust_mozprofile3ZNzVS"
Can't find symbol 'eglSwapBuffersWithDamageEXT'.
Can't find symbol 'eglSetDamageRegionKHR'.
console.warn: SearchSettings: "get: No settings file exists, new profile?" (new Error("", "(unknown module)"))
1611228526127	Marionette	INFO	Listening on port 54992
1611228526446	Marionette	WARN	TLS certificate errors will be ignored for this session
1611228543458	Marionette	INFO	Stopped listening on port 54992

###!!! [Child][RunMessage] Error: Channel closing: too late to send/recv, messages will be lost

1611228652401	geckodriver	INFO	Listening on 127.0.0.1:55121
1611228655498	mozrunner::runner	INFO	Running command: "C:\\Program Files\\Mozilla Firefox\\firefox.exe" "--marionette" "-foreground" "-no-remote" "-profile" "C:\\Users\\BOGDAN~1.SIL\\AppData\\Local\\Temp\\rust_mozprofilevZOeFa"
Can't find symbol 'eglSwapBuffersWithDamageEXT'.
Can't find symbol 'eglSetDamageRegionKHR'.
console.warn: SearchSettings: "get: No settings file exists, new profile?" (new Error("", "(unknown module)"))
1611228657863	Marionette	INFO	Listening on port 55130
1611228658185	Marionette	WARN	TLS certificate errors will be ignored for this session
1611228660913	Marionette	INFO	Stopped listening on port 55130

###!!! [Child][RunMessage] Error: Channel closing: too late to send/recv, messages will be lost

1611228723785	geckodriver	INFO	Listening on 127.0.0.1:55189
1611228726879	mozrunner::runner	INFO	Running command: "C:\\Program Files\\Mozilla Firefox\\firefox.exe" "--marionette" "-foreground" "-no-remote" "-profile" "C:\\Users\\BOGDAN~1.SIL\\AppData\\Local\\Temp\\rust_mozprofilei4MAPU"
Can't find symbol 'eglSwapBuffersWithDamageEXT'.
Can't find symbol 'eglSetDamageRegionKHR'.
console.warn: SearchSettings: "get: No settings file exists, new profile?" (new Error("", "(unknown module)"))
1611228729121	Marionette	INFO	Listening on port 55198
1611228729582	Marionette	WARN	TLS certificate errors will be ignored for this session
1611228734655	Marionette	INFO	Stopped listening on port 55198

###!!! [Child][RunMessage] Error: Channel closing: too late to send/recv, messages will be lost

1611229368077	geckodriver	INFO	Listening on 127.0.0.1:55430
1611229371164	mozrunner::runner	INFO	Running command: "C:\\Program Files\\Mozilla Firefox\\firefox.exe" "--marionette" "-foreground" "-no-remote" "-profile" "C:\\Users\\BOGDAN~1.SIL\\AppData\\Local\\Temp\\rust_mozprofileexEoKi"
Can't find symbol 'eglSwapBuffersWithDamageEXT'.
Can't find symbol 'eglSetDamageRegionKHR'.
console.warn: SearchSettings: "get: No settings file exists, new profile?" (new Error("", "(unknown module)"))
1611229373462	Marionette	INFO	Listening on port 55438
1611229373825	Marionette	WARN	TLS certificate errors will be ignored for this session
1611229376544	Marionette	INFO	Stopped listening on port 55438

###!!! [Child][RunMessage] Error: Channel closing: too late to send/recv, messages will be lost

1611229455624	geckodriver	INFO	Listening on 127.0.0.1:55572
1611229458695	mozrunner::runner	INFO	Running command: "C:\\Program Files\\Mozilla Firefox\\firefox.exe" "--marionette" "-foreground" "-no-remote" "-profile" "C:\\Users\\BOGDAN~1.SIL\\AppData\\Local\\Temp\\rust_mozprofileAD9pOc"
Can't find symbol 'eglSwapBuffersWithDamageEXT'.
Can't find symbol 'eglSetDamageRegionKHR'.
console.warn: SearchSettings: "get: No settings file exists, new profile?" (new Error("", "(unknown module)"))
1611229461297	Marionette	INFO	Listening on port 55580
1611229461384	Marionette	WARN	TLS certificate errors will be ignored for this session
1611229466843	Marionette	INFO	Stopped listening on port 55580

###!!! [Child][RunMessage] Error: Channel closing: too late to send/recv, messages will be lost

1611229605128	geckodriver	INFO	Listening on 127.0.0.1:55697
1611229608219	mozrunner::runner	INFO	Running command: "C:\\Program Files\\Mozilla Firefox\\firefox.exe" "--marionette" "-foreground" "-no-remote" "-profile" "C:\\Users\\BOGDAN~1.SIL\\AppData\\Local\\Temp\\rust_mozprofileJdrPOG"
Can't find symbol 'eglSwapBuffersWithDamageEXT'.
Can't find symbol 'eglSetDamageRegionKHR'.
console.warn: SearchSettings: "get: No settings file exists, new profile?" (new Error("", "(unknown module)"))
1611229610521	Marionette	INFO	Listening on port 55706
1611229610912	Marionette	WARN	TLS certificate errors will be ignored for this session
1611229612518	Marionette	INFO	Stopped listening on port 55706

###!!! [Child][RunMessage] Error: Channel closing: too late to send/recv, messages will be lost

1611229682815	geckodriver	INFO	Listening on 127.0.0.1:55771
1611229685884	mozrunner::runner	INFO	Running command: "C:\\Program Files\\Mozilla Firefox\\firefox.exe" "--marionette" "-foreground" "-no-remote" "-profile" "C:\\Users\\BOGDAN~1.SIL\\AppData\\Local\\Temp\\rust_mozprofileS0R0LR"
Can't find symbol 'eglSwapBuffersWithDamageEXT'.
Can't find symbol 'eglSetDamageRegionKHR'.
console.warn: SearchSettings: "get: No settings file exists, new profile?" (new Error("", "(unknown module)"))
1611229688196	Marionette	INFO	Listening on port 55779
1611229688555	Marionette	WARN	TLS certificate errors will be ignored for this session
1611229694775	Marionette	INFO	Stopped listening on port 55779
1611229702636	geckodriver	INFO	Listening on 127.0.0.1:55834
1611229705711	mozrunner::runner	INFO	Running command: "C:\\Program Files\\Mozilla Firefox\\firefox.exe" "--marionette" "-foreground" "-no-remote" "-profile" "C:\\Users\\BOGDAN~1.SIL\\AppData\\Local\\Temp\\rust_mozprofileHiQg32"
Can't find symbol 'eglSwapBuffersWithDamageEXT'.
Can't find symbol 'eglSetDamageRegionKHR'.
console.warn: SearchSettings: "get: No settings file exists, new profile?" (new Error("", "(unknown module)"))
1611229707978	Marionette	INFO	Listening on port 55842
1611229708395	Marionette	WARN	TLS certificate errors will be ignored for this session
1611229711121	Marionette	INFO	Stopped listening on port 55842

###!!! [Child][RunMessage] Error: Channel closing: too late to send/recv, messages will be lost

1611229933510	geckodriver	INFO	Listening on 127.0.0.1:56000
1611229936599	mozrunner::runner	INFO	Running command: "C:\\Program Files\\Mozilla Firefox\\firefox.exe" "--marionette" "-foreground" "-no-remote" "-profile" "C:\\Users\\BOGDAN~1.SIL\\AppData\\Local\\Temp\\rust_mozprofilePHxmQQ"
Can't find symbol 'eglSwapBuffersWithDamageEXT'.
Can't find symbol 'eglSetDamageRegionKHR'.
console.warn: SearchSettings: "get: No settings file exists, new profile?" (new Error("", "(unknown module)"))
1611229939152	Marionette	INFO	Listening on port 56008
1611229939264	Marionette	WARN	TLS certificate errors will be ignored for this session
1611229941994	Marionette	INFO	Stopped listening on port 56008

###!!! [Child][RunMessage] Error: Channel closing: too late to send/recv, messages will be lost

1611230293041	geckodriver	INFO	Listening on 127.0.0.1:56118
1611230296127	mozrunner::runner	INFO	Running command: "C:\\Program Files\\Mozilla Firefox\\firefox.exe" "--marionette" "-foreground" "-no-remote" "-profile" "C:\\Users\\BOGDAN~1.SIL\\AppData\\Local\\Temp\\rust_mozprofilelcOsVY"
Can't find symbol 'eglSwapBuffersWithDamageEXT'.
Can't find symbol 'eglSetDamageRegionKHR'.
console.warn: SearchSettings: "get: No settings file exists, new profile?" (new Error("", "(unknown module)"))
1611230298713	Marionette	INFO	Listening on port 56126
1611230298806	Marionette	WARN	TLS certificate errors will be ignored for this session
1611230300324	Marionette	INFO	Stopped listening on port 56126
JavaScript error: resource://gre/modules/UrlClassifierListManager.jsm, line 691: TypeError: this.tablesData[table] is undefined

###!!! [Child][RunMessage] Error: Channel closing: too late to send/recv, messages will be lost

1611230310228	geckodriver	INFO	Listening on 127.0.0.1:56179
1611230313306	mozrunner::runner	INFO	Running command: "C:\\Program Files\\Mozilla Firefox\\firefox.exe" "--marionette" "-foreground" "-no-remote" "-profile" "C:\\Users\\BOGDAN~1.SIL\\AppData\\Local\\Temp\\rust_mozprofileDRcH6i"
Can't find symbol 'eglSwapBuffersWithDamageEXT'.
Can't find symbol 'eglSetDamageRegionKHR'.
console.warn: SearchSettings: "get: No settings file exists, new profile?" (new Error("", "(unknown module)"))
1611230315582	Marionette	INFO	Listening on port 56189
1611230315970	Marionette	WARN	TLS certificate errors will be ignored for this session
1611230329471	Marionette	INFO	Stopped listening on port 56189

###!!! [Child][RunMessage] Error: Channel closing: too late to send/recv, messages will be lost

1611230396216	geckodriver	INFO	Listening on 127.0.0.1:56265
1611230399320	mozrunner::runner	INFO	Running command: "C:\\Program Files\\Mozilla Firefox\\firefox.exe" "--marionette" "-foreground" "-no-remote" "-profile" "C:\\Users\\BOGDAN~1.SIL\\AppData\\Local\\Temp\\rust_mozprofileijzxUe"
Can't find symbol 'eglSwapBuffersWithDamageEXT'.
Can't find symbol 'eglSetDamageRegionKHR'.
console.warn: SearchSettings: "get: No settings file exists, new profile?" (new Error("", "(unknown module)"))
1611230401837	Marionette	INFO	Listening on port 56273
1611230402005	Marionette	WARN	TLS certificate errors will be ignored for this session
1611230405511	Marionette	INFO	Stopped listening on port 56273
1611230547309	geckodriver	INFO	Listening on 127.0.0.1:56347
1611230550359	mozrunner::runner	INFO	Running command: "C:\\Program Files\\Mozilla Firefox\\firefox.exe" "--marionette" "-foreground" "-no-remote" "-profile" "C:\\Users\\BOGDAN~1.SIL\\AppData\\Local\\Temp\\rust_mozprofileTE3jiq"
Can't find symbol 'eglSwapBuffersWithDamageEXT'.
Can't find symbol 'eglSetDamageRegionKHR'.
console.warn: SearchSettings: "get: No settings file exists, new profile?" (new Error("", "(unknown module)"))
1611230552899	Marionette	INFO	Listening on port 56356
1611230553059	Marionette	WARN	TLS certificate errors will be ignored for this session
1611230557825	Marionette	INFO	Stopped listening on port 56356

###!!! [Child][RunMessage] Error: Channel closing: too late to send/recv, messages will be lost

1611230613249	geckodriver	INFO	Listening on 127.0.0.1:56415
1611230616333	mozrunner::runner	INFO	Running command: "C:\\Program Files\\Mozilla Firefox\\firefox.exe" "--marionette" "-foreground" "-no-remote" "-profile" "C:\\Users\\BOGDAN~1.SIL\\AppData\\Local\\Temp\\rust_mozprofilem8WqcE"
Can't find symbol 'eglSwapBuffersWithDamageEXT'.
Can't find symbol 'eglSetDamageRegionKHR'.
console.warn: SearchSettings: "get: No settings file exists, new profile?" (new Error("", "(unknown module)"))
1611230618599	Marionette	INFO	Listening on port 56423
1611230619000	Marionette	WARN	TLS certificate errors will be ignored for this session
1611230621335	Marionette	INFO	Stopped listening on port 56423

###!!! [Child][RunMessage] Error: Channel closing: too late to send/recv, messages will be lost

1611230712923	geckodriver	INFO	Listening on 127.0.0.1:56491
1611230715991	mozrunner::runner	INFO	Running command: "C:\\Program Files\\Mozilla Firefox\\firefox.exe" "--marionette" "-foreground" "-no-remote" "-profile" "C:\\Users\\BOGDAN~1.SIL\\AppData\\Local\\Temp\\rust_mozprofileZOjglt"
Can't find symbol 'eglSwapBuffersWithDamageEXT'.
Can't find symbol 'eglSetDamageRegionKHR'.
console.warn: SearchSettings: "get: No settings file exists, new profile?" (new Error("", "(unknown module)"))
1611230718395	Marionette	INFO	Listening on port 56499
1611230718648	Marionette	WARN	TLS certificate errors will be ignored for this session
1611230721152	Marionette	INFO	Stopped listening on port 56499

###!!! [Child][RunMessage] Error: Channel closing: too late to send/recv, messages will be lost

1611230749066	geckodriver	INFO	Listening on 127.0.0.1:56557
1611230752149	mozrunner::runner	INFO	Running command: "C:\\Program Files\\Mozilla Firefox\\firefox.exe" "--marionette" "-foreground" "-no-remote" "-profile" "C:\\Users\\BOGDAN~1.SIL\\AppData\\Local\\Temp\\rust_mozprofiles2z4Cj"
Can't find symbol 'eglSwapBuffersWithDamageEXT'.
Can't find symbol 'eglSetDamageRegionKHR'.
console.warn: SearchSettings: "get: No settings file exists, new profile?" (new Error("", "(unknown module)"))
1611230754541	Marionette	INFO	Listening on port 56566
1611230754822	Marionette	WARN	TLS certificate errors will be ignored for this session
1611230756992	Marionette	INFO	Stopped listening on port 56566

###!!! [Child][RunMessage] Error: Channel closing: too late to send/recv, messages will be lost

1611231231599	geckodriver	INFO	Listening on 127.0.0.1:56733
1611231234682	mozrunner::runner	INFO	Running command: "C:\\Program Files\\Mozilla Firefox\\firefox.exe" "--marionette" "-foreground" "-no-remote" "-profile" "C:\\Users\\BOGDAN~1.SIL\\AppData\\Local\\Temp\\rust_mozprofileTQyXaU"
Can't find symbol 'eglSwapBuffersWithDamageEXT'.
Can't find symbol 'eglSetDamageRegionKHR'.
console.warn: SearchSettings: "get: No settings file exists, new profile?" (new Error("", "(unknown module)"))
1611231236976	Marionette	INFO	Listening on port 56742
1611231237336	Marionette	WARN	TLS certificate errors will be ignored for this session
1611231239696	Marionette	INFO	Stopped listening on port 56742

###!!! [Child][RunMessage] Error: Channel closing: too late to send/recv, messages will be lost

1611231302706	geckodriver	INFO	Listening on 127.0.0.1:56805
1611231305803	mozrunner::runner	INFO	Running command: "C:\\Program Files\\Mozilla Firefox\\firefox.exe" "--marionette" "-foreground" "-no-remote" "-profile" "C:\\Users\\BOGDAN~1.SIL\\AppData\\Local\\Temp\\rust_mozprofileWx0Zox"
Can't find symbol 'eglSwapBuffersWithDamageEXT'.
Can't find symbol 'eglSetDamageRegionKHR'.
console.warn: SearchSettings: "get: No settings file exists, new profile?" (new Error("", "(unknown module)"))
1611231308731	Marionette	INFO	Listening on port 56813
1611231308958	Marionette	WARN	TLS certificate errors will be ignored for this session
1611231311651	Marionette	INFO	Stopped listening on port 56813

###!!! [Child][RunMessage] Error: Channel closing: too late to send/recv, messages will be lost

1611231323345	geckodriver	INFO	Listening on 127.0.0.1:56867
1611231326418	mozrunner::runner	INFO	Running command: "C:\\Program Files\\Mozilla Firefox\\firefox.exe" "--marionette" "-foreground" "-no-remote" "-profile" "C:\\Users\\BOGDAN~1.SIL\\AppData\\Local\\Temp\\rust_mozprofilek7lSZN"
Can't find symbol 'eglSwapBuffersWithDamageEXT'.
Can't find symbol 'eglSetDamageRegionKHR'.
console.warn: SearchSettings: "get: No settings file exists, new profile?" (new Error("", "(unknown module)"))
1611231328683	Marionette	INFO	Listening on port 56875
1611231329083	Marionette	WARN	TLS certificate errors will be ignored for this session
1611231331827	Marionette	INFO	Stopped listening on port 56875

###!!! [Child][RunMessage] Error: Channel closing: too late to send/recv, messages will be lost

1611231378562	geckodriver	INFO	Listening on 127.0.0.1:56934
1611231381660	mozrunner::runner	INFO	Running command: "C:\\Program Files\\Mozilla Firefox\\firefox.exe" "--marionette" "-foreground" "-no-remote" "-profile" "C:\\Users\\BOGDAN~1.SIL\\AppData\\Local\\Temp\\rust_mozprofileALgBbh"
Can't find symbol 'eglSwapBuffersWithDamageEXT'.
Can't find symbol 'eglSetDamageRegionKHR'.
console.warn: SearchSettings: "get: No settings file exists, new profile?" (new Error("", "(unknown module)"))
1611231384176	Marionette	INFO	Listening on port 56944
1611231384317	Marionette	WARN	TLS certificate errors will be ignored for this session
1611231387026	Marionette	INFO	Stopped listening on port 56944

###!!! [Child][RunMessage] Error: Channel closing: too late to send/recv, messages will be lost

1611231395184	geckodriver	INFO	Listening on 127.0.0.1:57000
1611231398253	mozrunner::runner	INFO	Running command: "C:\\Program Files\\Mozilla Firefox\\firefox.exe" "--marionette" "-foreground" "-no-remote" "-profile" "C:\\Users\\BOGDAN~1.SIL\\AppData\\Local\\Temp\\rust_mozprofileN5sLwr"
Can't find symbol 'eglSwapBuffersWithDamageEXT'.
Can't find symbol 'eglSetDamageRegionKHR'.
console.warn: SearchSettings: "get: No settings file exists, new profile?" (new Error("", "(unknown module)"))
1611231400558	Marionette	INFO	Listening on port 57009
1611231400918	Marionette	WARN	TLS certificate errors will be ignored for this session
1611231405516	Marionette	INFO	Stopped listening on port 57009

###!!! [Child][RunMessage] Error: Channel closing: too late to send/recv, messages will be lost

1611231409421	geckodriver	INFO	Listening on 127.0.0.1:57064
1611231412511	mozrunner::runner	INFO	Running command: "C:\\Program Files\\Mozilla Firefox\\firefox.exe" "--marionette" "-foreground" "-no-remote" "-profile" "C:\\Users\\BOGDAN~1.SIL\\AppData\\Local\\Temp\\rust_mozprofilef4dw6w"
Can't find symbol 'eglSwapBuffersWithDamageEXT'.
Can't find symbol 'eglSetDamageRegionKHR'.
console.warn: SearchSettings: "get: No settings file exists, new profile?" (new Error("", "(unknown module)"))
1611231415106	Marionette	INFO	Listening on port 57073
1611231415184	Marionette	WARN	TLS certificate errors will be ignored for this session
1611231418063	Marionette	INFO	Stopped listening on port 57073

###!!! [Child][RunMessage] Error: Channel closing: too late to send/recv, messages will be lost

1611231425074	geckodriver	INFO	Listening on 127.0.0.1:57130
1611231428156	mozrunner::runner	INFO	Running command: "C:\\Program Files\\Mozilla Firefox\\firefox.exe" "--marionette" "-foreground" "-no-remote" "-profile" "C:\\Users\\BOGDAN~1.SIL\\AppData\\Local\\Temp\\rust_mozprofile8mBIDd"
Can't find symbol 'eglSwapBuffersWithDamageEXT'.
Can't find symbol 'eglSetDamageRegionKHR'.
console.warn: SearchSettings: "get: No settings file exists, new profile?" (new Error("", "(unknown module)"))
1611231430421	Marionette	INFO	Listening on port 57138
1611231430829	Marionette	WARN	TLS certificate errors will be ignored for this session
1611231434279	Marionette	INFO	Stopped listening on port 57138

###!!! [Child][RunMessage] Error: Channel closing: too late to send/recv, messages will be lost

1611231529487	geckodriver	INFO	Listening on 127.0.0.1:57210
1611231532557	mozrunner::runner	INFO	Running command: "C:\\Program Files\\Mozilla Firefox\\firefox.exe" "--marionette" "-foreground" "-no-remote" "-profile" "C:\\Users\\BOGDAN~1.SIL\\AppData\\Local\\Temp\\rust_mozprofileR9dXFw"
Can't find symbol 'eglSwapBuffersWithDamageEXT'.
Can't find symbol 'eglSetDamageRegionKHR'.
console.warn: SearchSettings: "get: No settings file exists, new profile?" (new Error("", "(unknown module)"))
1611231534839	Marionette	INFO	Listening on port 57218
1611231535230	Marionette	WARN	TLS certificate errors will be ignored for this session
1611231538611	Marionette	INFO	Stopped listening on port 57218

###!!! [Child][RunMessage] Error: Channel closing: too late to send/recv, messages will be lost

1611231546897	geckodriver	INFO	Listening on 127.0.0.1:57270
1611231549949	mozrunner::runner	INFO	Running command: "C:\\Program Files\\Mozilla Firefox\\firefox.exe" "--marionette" "-foreground" "-no-remote" "-profile" "C:\\Users\\BOGDAN~1.SIL\\AppData\\Local\\Temp\\rust_mozprofilehrFkAj"
Can't find symbol 'eglSwapBuffersWithDamageEXT'.
Can't find symbol 'eglSetDamageRegionKHR'.
console.warn: SearchSettings: "get: No settings file exists, new profile?" (new Error("", "(unknown module)"))
1611231552329	Marionette	INFO	Listening on port 57280
1611231552618	Marionette	WARN	TLS certificate errors will be ignored for this session
1611231556181	Marionette	INFO	Stopped listening on port 57280

###!!! [Child][RunMessage] Error: Channel closing: too late to send/recv, messages will be lost

1611231588179	geckodriver	INFO	Listening on 127.0.0.1:57337
1611231592694	mozrunner::runner	INFO	Running command: "C:\\Program Files\\Mozilla Firefox\\firefox.exe" "--marionette" "-foreground" "-no-remote" "-profile" "C:\\Users\\BOGDAN~1.SIL\\AppData\\Local\\Temp\\rust_mozprofilewu7zum"
Can't find symbol 'eglSwapBuffersWithDamageEXT'.
Can't find symbol 'eglSetDamageRegionKHR'.
console.warn: SearchSettings: "get: No settings file exists, new profile?" (new Error("", "(unknown module)"))
1611231594941	Marionette	INFO	Listening on port 57345
1611231595349	Marionette	WARN	TLS certificate errors will be ignored for this session
1611231598905	Marionette	INFO	Stopped listening on port 57345

###!!! [Child][RunMessage] Error: Channel closing: too late to send/recv, messages will be lost

1611231622069	geckodriver	INFO	Listening on 127.0.0.1:57400
1611231625120	mozrunner::runner	INFO	Running command: "C:\\Program Files\\Mozilla Firefox\\firefox.exe" "--marionette" "-foreground" "-no-remote" "-profile" "C:\\Users\\BOGDAN~1.SIL\\AppData\\Local\\Temp\\rust_mozprofileSLHd1H"
Can't find symbol 'eglSwapBuffersWithDamageEXT'.
Can't find symbol 'eglSetDamageRegionKHR'.
console.warn: SearchSettings: "get: No settings file exists, new profile?" (new Error("", "(unknown module)"))
1611231627458	Marionette	INFO	Listening on port 57408
1611231627792	Marionette	WARN	TLS certificate errors will be ignored for this session
1611231631285	Marionette	INFO	Stopped listening on port 57408

###!!! [Child][RunMessage] Error: Channel closing: too late to send/recv, messages will be lost

1611242628110	geckodriver	INFO	Listening on 127.0.0.1:52693
1611242631225	mozrunner::runner	INFO	Running command: "C:\\Program Files\\Mozilla Firefox\\firefox.exe" "--marionette" "-foreground" "-no-remote" "-profile" "C:\\Users\\BOGDAN~1.SIL\\AppData\\Local\\Temp\\rust_mozprofileDVmOCH"
Can't find symbol 'eglSwapBuffersWithDamageEXT'.
Can't find symbol 'eglSetDamageRegionKHR'.
console.warn: SearchSettings: "get: No settings file exists, new profile?" (new Error("", "(unknown module)"))
1611242633582	Marionette	INFO	Listening on port 52702
1611242633904	Marionette	WARN	TLS certificate errors will be ignored for this session
1611242637559	Marionette	INFO	Stopped listening on port 52702

###!!! [Child][RunMessage] Error: Channel closing: too late to send/recv, messages will be lost

1611242685122	geckodriver	INFO	Listening on 127.0.0.1:52772
1611242688166	mozrunner::runner	INFO	Running command: "C:\\Program Files\\Mozilla Firefox\\firefox.exe" "--marionette" "-foreground" "-no-remote" "-profile" "C:\\Users\\BOGDAN~1.SIL\\AppData\\Local\\Temp\\rust_mozprofileNnOGuW"
Can't find symbol 'eglSwapBuffersWithDamageEXT'.
Can't find symbol 'eglSetDamageRegionKHR'.
console.warn: SearchSettings: "get: No settings file exists, new profile?" (new Error("", "(unknown module)"))
1611242690531	Marionette	INFO	Listening on port 52781
1611242690844	Marionette	WARN	TLS certificate errors will be ignored for this session
1611242694279	Marionette	INFO	Stopped listening on port 52781

###!!! [Child][RunMessage] Error: Channel closing: too late to send/recv, messages will be lost

1611242713633	geckodriver	INFO	Listening on 127.0.0.1:52842
1611242716677	mozrunner::runner	INFO	Running command: "C:\\Program Files\\Mozilla Firefox\\firefox.exe" "--marionette" "-foreground" "-no-remote" "-profile" "C:\\Users\\BOGDAN~1.SIL\\AppData\\Local\\Temp\\rust_mozprofilemxIOmF"
Can't find symbol 'eglSwapBuffersWithDamageEXT'.
Can't find symbol 'eglSetDamageRegionKHR'.
console.warn: SearchSettings: "get: No settings file exists, new profile?" (new Error("", "(unknown module)"))
1611242719013	Marionette	INFO	Listening on port 52850
1611242719344	Marionette	WARN	TLS certificate errors will be ignored for this session
1611242722799	Marionette	INFO	Stopped listening on port 52850

###!!! [Child][RunMessage] Error: Channel closing: too late to send/recv, messages will be lost

1611242735299	geckodriver	INFO	Listening on 127.0.0.1:52903
1611242738394	mozrunner::runner	INFO	Running command: "C:\\Program Files\\Mozilla Firefox\\firefox.exe" "--marionette" "-foreground" "-no-remote" "-profile" "C:\\Users\\BOGDAN~1.SIL\\AppData\\Local\\Temp\\rust_mozprofile4L0crH"
Can't find symbol 'eglSwapBuffersWithDamageEXT'.
Can't find symbol 'eglSetDamageRegionKHR'.
console.warn: SearchSettings: "get: No settings file exists, new profile?" (new Error("", "(unknown module)"))
1611242740672	Marionette	INFO	Listening on port 52911
1611242741070	Marionette	WARN	TLS certificate errors will be ignored for this session
1611242743417	Marionette	INFO	Stopped listening on port 52911

###!!! [Child][RunMessage] Error: Channel closing: too late to send/recv, messages will be lost

1611242913290	geckodriver	INFO	Listening on 127.0.0.1:53004
1611242916404	mozrunner::runner	INFO	Running command: "C:\\Program Files\\Mozilla Firefox\\firefox.exe" "--marionette" "--headless" "-foreground" "-no-remote" "-profile" "C:\\Users\\BOGDAN~1.SIL\\AppData\\Local\\Temp\\rust_mozprofileYV9T2i"
*** You are running in headless mode.
console.warn: SearchSettings: "get: No settings file exists, new profile?" (new Error("", "(unknown module)"))
1611242917914	Marionette	INFO	Listening on port 53013
1611242917947	Marionette	WARN	TLS certificate errors will be ignored for this session
1611242920304	Marionette	INFO	Stopped listening on port 53013
1611242947606	geckodriver	INFO	Listening on 127.0.0.1:53067
1611242950677	mozrunner::runner	INFO	Running command: "C:\\Program Files\\Mozilla Firefox\\firefox.exe" "--marionette" "--headless" "-foreground" "-no-remote" "-profile" "C:\\Users\\BOGDAN~1.SIL\\AppData\\Local\\Temp\\rust_mozprofileYT9ODn"
*** You are running in headless mode.
console.warn: SearchSettings: "get: No settings file exists, new profile?" (new Error("", "(unknown module)"))
1611242952372	Marionette	INFO	Listening on port 53075
1611242952741	Marionette	WARN	TLS certificate errors will be ignored for this session
1611242954937	Marionette	INFO	Stopped listening on port 53075
1611242973751	geckodriver	INFO	Listening on 127.0.0.1:53127
1611242976796	mozrunner::runner	INFO	Running command: "C:\\Program Files\\Mozilla Firefox\\firefox.exe" "--marionette" "--headless" "-foreground" "-no-remote" "-profile" "C:\\Users\\BOGDAN~1.SIL\\AppData\\Local\\Temp\\rust_mozprofileAxZsY4"
*** You are running in headless mode.
console.warn: SearchSettings: "get: No settings file exists, new profile?" (new Error("", "(unknown module)"))
1611242978259	Marionette	INFO	Listening on port 53135
1611242978352	Marionette	WARN	TLS certificate errors will be ignored for this session
1611242980694	Marionette	INFO	Stopped listening on port 53135
1611243056934	geckodriver	INFO	Listening on 127.0.0.1:53197
1611243060024	mozrunner::runner	INFO	Running command: "C:\\Program Files\\Mozilla Firefox\\firefox.exe" "--marionette" "--headless" "-foreground" "-no-remote" "-profile" "C:\\Users\\BOGDAN~1.SIL\\AppData\\Local\\Temp\\rust_mozprofilem6ExhK"
*** You are running in headless mode.
console.warn: SearchSettings: "get: No settings file exists, new profile?" (new Error("", "(unknown module)"))
1611243061538	Marionette	INFO	Listening on port 53205
1611243061568	Marionette	WARN	TLS certificate errors will be ignored for this session
1611243063928	Marionette	INFO	Stopped listening on port 53205
1611243111210	geckodriver	INFO	Listening on 127.0.0.1:53262
1611243114316	mozrunner::runner	INFO	Running command: "C:\\Program Files\\Mozilla Firefox\\firefox.exe" "--marionette" "--headless" "-foreground" "-no-remote" "-profile" "C:\\Users\\BOGDAN~1.SIL\\AppData\\Local\\Temp\\rust_mozprofileNcp7gt"
*** You are running in headless mode.
console.warn: SearchSettings: "get: No settings file exists, new profile?" (new Error("", "(unknown module)"))
1611243115796	Marionette	INFO	Listening on port 53271
1611243115876	Marionette	WARN	TLS certificate errors will be ignored for this session
1611243118137	Marionette	INFO	Stopped listening on port 53271
1611243120760	geckodriver	INFO	Listening on 127.0.0.1:53319
1611243123853	mozrunner::runner	INFO	Running command: "C:\\Program Files\\Mozilla Firefox\\firefox.exe" "--marionette" "--headless" "-foreground" "-no-remote" "-profile" "C:\\Users\\BOGDAN~1.SIL\\AppData\\Local\\Temp\\rust_mozprofilenkNRaJ"
*** You are running in headless mode.
console.warn: SearchSettings: "get: No settings file exists, new profile?" (new Error("", "(unknown module)"))
1611243125321	Marionette	INFO	Listening on port 53327
1611243125423	Marionette	WARN	TLS certificate errors will be ignored for this session
1611243127731	Marionette	INFO	Stopped listening on port 53327
1611243199403	geckodriver	INFO	Listening on 127.0.0.1:53399
1611243202496	mozrunner::runner	INFO	Running command: "C:\\Program Files\\Mozilla Firefox\\firefox.exe" "--marionette" "--headless" "-foreground" "-no-remote" "-profile" "C:\\Users\\BOGDAN~1.SIL\\AppData\\Local\\Temp\\rust_mozprofile9zmQYq"
*** You are running in headless mode.
console.warn: SearchSettings: "get: No settings file exists, new profile?" (new Error("", "(unknown module)"))
1611243204164	Marionette	INFO	Listening on port 53408
1611243204554	Marionette	WARN	TLS certificate errors will be ignored for this session
1611243207108	Marionette	INFO	Stopped listening on port 53408
1611243688442	geckodriver	INFO	Listening on 127.0.0.1:53727
1611243691542	mozrunner::runner	INFO	Running command: "C:\\Program Files\\Mozilla Firefox\\firefox.exe" "--marionette" "--headless" "-foreground" "-no-remote" "-profile" "C:\\Users\\BOGDAN~1.SIL\\AppData\\Local\\Temp\\rust_mozprofileaoYifP"
*** You are running in headless mode.
console.warn: SearchSettings: "get: No settings file exists, new profile?" (new Error("", "(unknown module)"))
1611243693344	Marionette	INFO	Listening on port 53735
1611243693621	Marionette	WARN	TLS certificate errors will be ignored for this session
1611243697846	Marionette	INFO	Stopped listening on port 53735
1611243756217	geckodriver	INFO	Listening on 127.0.0.1:53811
1611243759299	mozrunner::runner	INFO	Running command: "C:\\Program Files\\Mozilla Firefox\\firefox.exe" "--marionette" "--headless" "-foreground" "-no-remote" "-profile" "C:\\Users\\BOGDAN~1.SIL\\AppData\\Local\\Temp\\rust_mozprofilet9sY5X"
*** You are running in headless mode.
console.warn: SearchSettings: "get: No settings file exists, new profile?" (new Error("", "(unknown module)"))
1611243760792	Marionette	INFO	Listening on port 53819
1611243760845	Marionette	WARN	TLS certificate errors will be ignored for this session
1611243763390	Marionette	INFO	Stopped listening on port 53819
1611245002459	geckodriver	INFO	Listening on 127.0.0.1:52104
1611245005522	mozrunner::runner	INFO	Running command: "C:\\Program Files\\Mozilla Firefox\\firefox.exe" "--marionette" "--headless" "-foreground" "-no-remote" "-profile" "C:\\Users\\BOGDAN~1.SIL\\AppData\\Local\\Temp\\rust_mozprofile3Jx1ld"
*** You are running in headless mode.
console.warn: SearchSettings: "get: No settings file exists, new profile?" (new Error("", "(unknown module)"))
1611245007165	Marionette	INFO	Listening on port 52112
1611245007608	Marionette	WARN	TLS certificate errors will be ignored for this session
1611245011234	Marionette	INFO	Stopped listening on port 52112
1611251319149	geckodriver	INFO	Listening on 127.0.0.1:61469
1611251322216	mozrunner::runner	INFO	Running command: "C:\\Program Files\\Mozilla Firefox\\firefox.exe" "--marionette" "--headless" "-foreground" "-no-remote" "-profile" "C:\\Users\\BOGDAN~1.SIL\\AppData\\Local\\Temp\\rust_mozprofileN97xDK"
*** You are running in headless mode.
console.warn: SearchSettings: "get: No settings file exists, new profile?" (new Error("", "(unknown module)"))
1611251323699	Marionette	INFO	Listening on port 61477
1611251323782	Marionette	WARN	TLS certificate errors will be ignored for this session
1611251327227	Marionette	INFO	Stopped listening on port 61477
1611416566196	geckodriver	INFO	Listening on 127.0.0.1:59453
1611416569249	mozrunner::runner	INFO	Running command: "C:\\Program Files\\Mozilla Firefox\\firefox.exe" "--marionette" "--headless" "-foreground" "-no-remote" "-profile" "C:\\Users\\BOGDAN~1.SIL\\AppData\\Local\\Temp\\rust_mozprofileDKd02O"
*** You are running in headless mode.
console.warn: SearchSettings: "get: No settings file exists, new profile?" (new Error("", "(unknown module)"))
1611416570830	Marionette	INFO	Listening on port 59461
1611416571296	Marionette	WARN	TLS certificate errors will be ignored for this session
1611416574857	Marionette	INFO	Stopped listening on port 59461
1611439735816	geckodriver	INFO	Listening on 127.0.0.1:59876
1611439738866	mozrunner::runner	INFO	Running command: "C:\\Program Files\\Mozilla Firefox\\firefox.exe" "--marionette" "--headless" "-foreground" "-no-remote" "-profile" "C:\\Users\\BOGDAN~1.SIL\\AppData\\Local\\Temp\\rust_mozprofilepPvSZ8"
*** You are running in headless mode.
console.warn: SearchSettings: "get: No settings file exists, new profile?" (new Error("", "(unknown module)"))
1611439741042	Marionette	INFO	Listening on port 59884
1611439741527	Marionette	WARN	TLS certificate errors will be ignored for this session
1611439745373	Marionette	INFO	Stopped listening on port 59884
